BS parameters:
 input       = mglcs_2_50_2_0.txt
 beam_width  = 10
 heuristic   = h5
 max_iters   = 1000
 time_limit  = 100 s

=== Beam Search Result ===
Best sequence: TTAATAAAAATTTATATTATAAATTTTTTTTTTAATA
Length       : 37
Runtime (s)  : 0.00410211
Steps:
0 0 
1 1 
2 3 
3 5 
5 6 
6 8 
7 9 
8 10 
9 11 
11 12 
12 15 
13 17 
14 19 
16 20 
17 21 
18 22 
21 23 
22 24 
23 25 
25 26 
26 27 
27 28 
28 29 
30 30 
35 31 
36 32 
38 33 
40 34 
41 35 
42 36 
43 37 
44 38 
45 41 
46 42 
47 46 
48 47 
49 48 
